<?xml version="1.0" encoding="UTF-8"?>
<!-- Generated by org.testng.reporters.JUnitReportReporter -->
<testsuite hostname="COOLLAPTOP" failures="0" tests="1" name="CucumberRunners.SalesforceRunner" time="11.994" errors="0" timestamp="2024-10-30T21:00:21 EDT" skipped="0">
  <testcase classname="CucumberRunners.SalesforceRunner" name="runScenario" time="11.994"/>
</testsuite> <!-- CucumberRunners.SalesforceRunner -->
