<?xml version="1.0" encoding="UTF-8"?>
<!-- Generated by org.testng.reporters.JUnitReportReporter -->
<testsuite hostname="COOLLAPTOP" failures="0" tests="10" name="CucumberRunner.SalesforceRunner" time="296.509" errors="0" timestamp="2024-11-03T10:46:32 EST" skipped="0">
  <testcase classname="CucumberRunner.SalesforceRunner" name="runScenario" time="32.621"/>
  <testcase classname="CucumberRunner.SalesforceRunner" name="runScenario" time="19.463"/>
  <testcase classname="CucumberRunner.SalesforceRunner" name="runScenario" time="18.806"/>
  <testcase classname="CucumberRunner.SalesforceRunner" name="runScenario" time="28.374"/>
  <testcase classname="CucumberRunner.SalesforceRunner" name="runScenario" time="32.496"/>
  <testcase classname="CucumberRunner.SalesforceRunner" name="runScenario" time="36.024"/>
  <testcase classname="CucumberRunner.SalesforceRunner" name="runScenario" time="35.467"/>
  <testcase classname="CucumberRunner.SalesforceRunner" name="runScenario" time="29.855"/>
  <testcase classname="CucumberRunner.SalesforceRunner" name="runScenario" time="36.109"/>
  <testcase classname="CucumberRunner.SalesforceRunner" name="runScenario" time="27.294"/>
</testsuite> <!-- CucumberRunner.SalesforceRunner -->
